Warning: controller_board.brd -- Your reference designators are not all the same size.  I found these sizes: 0.9, 1.27 (BoardStyle.py:57:39E7FEAF)
Warning: quadparts_prebuilt:LAYER_LABELS -- Package is missing '>NAME'.  Every package needs to a '>NAME' so the part's name will be visible on the board. (LibraryStyle.py:143:0194D9DD)

Error: quadparts_prebuilt:ANT_PCB_2.4GHZ_NRF8001_1.6MM_1OZ_REV -- Nothing in tPlace.  Packages should include lines or shapes showing how the part should be placed on the board.  For ICs this should precisely show the location of four courners of the part.  For polarized parts, it should illustrate the polarity.  For other parts a full or partial outline of the part is sufficient. (LibraryStyle.py:195:2A5E92B8)
Warning: quadparts_prebuilt:QUADCLASS_LOGO_SMALL -- Package is missing '>NAME'.  Every package needs to a '>NAME' so the part's name will be visible on the board. (LibraryStyle.py:143:02209086)
Error: quadparts_prebuilt:QUADCLASS_LOGO_SMALL -- Nothing in tKeepout.  All packages should include a keepout area to prevent parts from overlapping. (LibraryStyle.py:192:4536D431)
Error: quadparts_prebuilt:QUADCLASS_LOGO_SMALL -- Wires found in Top layer.  You probably want an SMD instead. (LibraryStyle.py:199:5D19FAC0)
Warning: quadparts_prebuilt:VIA-0.2MM -- Package is missing '>NAME'.  Every package needs to a '>NAME' so the part's name will be visible on the board. (LibraryStyle.py:143:2591B93A)
Error: quadparts_prebuilt:VIA-0.2MM -- Nothing in tKeepout.  All packages should include a keepout area to prevent parts from overlapping. (LibraryStyle.py:192:5A128993)
Error: quadparts_prebuilt:VIA-0.2MM -- Nothing in tPlace.  Packages should include lines or shapes showing how the part should be placed on the board.  For ICs this should precisely show the location of four courners of the part.  For polarized parts, it should illustrate the polarity.  For other parts a full or partial outline of the part is sufficient. (LibraryStyle.py:195:74A1448D)
Warning: RemoteParts:LED-2X-LTST-C155 -- Text '>COLOR2' in layer tPlace is too small (0.7mm).  To be legible on the board it should be at least 0.9mm. (LibraryStyle.py:186:603BE626)
Warning: RemoteParts:LED-2X-LTST-C155 -- Text '>COLOR1' in layer tPlace is too small (0.7mm).  To be legible on the board it should be at least 0.9mm. (LibraryStyle.py:186:011AF6E9)
Warning: RemoteParts:600MAH-BATTERY -- Package is missing '>NAME'.  Every package needs to a '>NAME' so the part's name will be visible on the board. (LibraryStyle.py:143:408C93A7)
Error: RemoteParts:600MAH-BATTERY -- Nothing in tPlace.  Packages should include lines or shapes showing how the part should be placed on the board.  For ICs this should precisely show the location of four courners of the part.  For polarized parts, it should illustrate the polarity.  For other parts a full or partial outline of the part is sufficient. (LibraryStyle.py:195:3B5F2223)
Warning: RemoteParts:375MAH-BATTERY -- Package is missing '>NAME'.  Every package needs to a '>NAME' so the part's name will be visible on the board. (LibraryStyle.py:143:172D3612)
Error: RemoteParts:375MAH-BATTERY -- Nothing in tPlace.  Packages should include lines or shapes showing how the part should be placed on the board.  For ICs this should precisely show the location of four courners of the part.  For polarized parts, it should illustrate the polarity.  For other parts a full or partial outline of the part is sufficient. (LibraryStyle.py:195:49309639)
Error: custom:NET_BRIDGE -- Nothing in tPlace.  Packages should include lines or shapes showing how the part should be placed on the board.  For ICs this should precisely show the location of four courners of the part.  For polarized parts, it should illustrate the polarity.  For other parts a full or partial outline of the part is sufficient. (LibraryStyle.py:195:4B806F89)
Warning: RemoteParts:FRSKY-TARANIS-GIMBAL -- Package is missing '>NAME'.  Every package needs to a '>NAME' so the part's name will be visible on the board. (LibraryStyle.py:143:6E8AC2A2)
Error: RemoteParts:FRSKY-TARANIS-GIMBAL -- Nothing in tPlace.  Packages should include lines or shapes showing how the part should be placed on the board.  For ICs this should precisely show the location of four courners of the part.  For polarized parts, it should illustrate the polarity.  For other parts a full or partial outline of the part is sufficient. (LibraryStyle.py:195:0E75F156)
Warning: controller_board.brd -- Part J1 at (-11.0, 29.5) is not not aligned to 1.0mm grid. (BoardStyle.py:99:55D51F84)
Warning: controller_board.brd -- Part J2 at (-41.0, 15.95) is not not aligned to 1.0mm grid. (BoardStyle.py:99:463930AA)
[A
Warning: controller_board.brd -- Part U$4 at (-47.125, 18.5) is not not aligned to 1.0mm grid. (BoardStyle.py:99:0D11861F)
Warning: controller_board.brd -- Part E$2 at (83.5, 0.0) is not not aligned to 1.0mm grid. (BoardStyle.py:99:311E228D)
Warning: controller_board.brd -- Part E$2 at (83.5, 0.0) is not not aligned to 1.0mm grid. (BoardStyle.py:99:311E228D)
Warning: controller_board.brd -- Part E$1 at (-83.5, 0.0) is not not aligned to 1.0mm grid. (BoardStyle.py:99:033627EC)
Warning: controller_board.brd -- Part C2 at (18.5, 23.25) is not not aligned to 1.0mm grid. (BoardStyle.py:99:4D2492D9)
Warning: controller_board.brd -- Part JP1 at (-27.0, 22.5) is not not aligned to 1.0mm grid. (BoardStyle.py:99:0D01B31B)
Warning: controller_board.brd -- Part A1 at (17.6, 25.0) is not not aligned to 1.0mm grid. (BoardStyle.py:99:4948E91A)
Warning: controller_board.brd -- Part U$2 at (-39.5, 29.0) is not not aligned to 1.0mm grid. (BoardStyle.py:99:79F43244)
[AWarning: controller_board.brd -- Part Y1 at (27.5, 24.0) is not not aligned to 1.0mm grid. (BoardStyle.py:99:11CFD261)
Warning: controller_board.brd -- Part B12 at (20.5, 33.5) is not not aligned to 1.0mm grid. (BoardStyle.py:99:01B7E667)
Error: controller_board.brd -- You have unrouted nets: SHIELD (BoardStyle.py:162:58C9781E)
Error: controller_board.sch -- Traces RF_P and RF_N in your attena driver are 13.7030620434mm (should be less than 5mm) (ATMegaChecker.py:191:6F9A1777)
Error: controller_board.sch -- Traces RF_P and RF_N in your attena driver are 12.3590231023mm (should be less than 5mm) (ATMegaChecker.py:193:5445BFEE)
